<?xml version="1.0" encoding="UTF-8"?>
<!-- Generated by org.testng.reporters.JUnitReportReporter -->
<testsuite hostname="bridgeit-desktop" failures="0" tests="1" name="com.bridgelabz.basicselenium.actionclass.DragAndDrop" time="5.044" errors="0" timestamp="30 Jan 2020 11:03:39 GMT" skipped="0">
  <testcase classname="com.bridgelabz.basicselenium.actionclass.DragAndDrop" name="test" time="5.044"/>
</testsuite> <!-- com.bridgelabz.basicselenium.actionclass.DragAndDrop -->
