<?xml version="1.0" encoding="UTF-8"?>
<!-- Generated by org.testng.reporters.JUnitReportReporter -->
<testsuite hostname="bridgeit-desktop" failures="0" tests="1" name="com.bridgelabz.basicselenium.wait.ImplicitWait" time="44.925" errors="0" timestamp="10 Feb 2020 09:19:58 GMT" skipped="0">
  <testcase classname="com.bridgelabz.basicselenium.wait.ImplicitWait" name="main" time="44.925"/>
</testsuite> <!-- com.bridgelabz.basicselenium.wait.ImplicitWait -->
