<?xml version="1.0" encoding="UTF-8"?>
<!-- Generated by org.testng.reporters.JUnitReportReporter -->
<testsuite hostname="bridgeit-desktop" failures="0" tests="1" name="com.bridgelabz.basicselenium.actionclass.DropDownMenu" time="59.965" errors="0" timestamp="30 Jan 2020 12:23:37 GMT" skipped="0">
  <testcase classname="com.bridgelabz.basicselenium.actionclass.DropDownMenu" name="test" time="59.965"/>
</testsuite> <!-- com.bridgelabz.basicselenium.actionclass.DropDownMenu -->
