<?xml version="1.0" encoding="UTF-8"?>
<!-- Generated by org.testng.reporters.JUnitReportReporter -->
<testsuite hostname="bridgeit-desktop" failures="0" tests="1" name="com.bridgelabz.basicselenium.popuphandling.FileDownloadFromChrome" time="12.868" errors="0" timestamp="06 Feb 2020 10:18:41 GMT" skipped="0">
  <testcase classname="com.bridgelabz.basicselenium.popuphandling.FileDownloadFromChrome" name="fileDownload" time="12.868"/>
</testsuite> <!-- com.bridgelabz.basicselenium.popuphandling.FileDownloadFromChrome -->
