<?xml version="1.0" encoding="UTF-8"?>
<!-- Generated by org.testng.reporters.JUnitReportReporter -->
<testsuite hostname="bridgeit-desktop" failures="0" tests="1" name="com.bridgelabz.basicselenium.popuphandling.FileDownloadFromFirefox" time="32.725" errors="0" timestamp="01 Feb 2020 11:45:56 GMT" skipped="0">
  <testcase classname="com.bridgelabz.basicselenium.popuphandling.FileDownloadFromFirefox" name="fileDownload" time="32.725"/>
</testsuite> <!-- com.bridgelabz.basicselenium.popuphandling.FileDownloadFromFirefox -->
