<?xml version="1.0" encoding="UTF-8"?>
<!-- Generated by org.testng.reporters.JUnitReportReporter -->
<testsuite hostname="bridgeit-desktop" failures="0" tests="1" name="com.bridgelabz.basicselenium.pagevalidate.VerifyHomePageByUniqueElement" time="65.696" errors="0" timestamp="30 Jan 2020 13:14:20 GMT" skipped="0">
  <testcase classname="com.bridgelabz.basicselenium.pagevalidate.VerifyHomePageByUniqueElement" name="test" time="65.696"/>
</testsuite> <!-- com.bridgelabz.basicselenium.pagevalidate.VerifyHomePageByUniqueElement -->
