<?xml version="1.0" encoding="UTF-8"?>
<!-- Generated by org.testng.reporters.JUnitReportReporter -->
<testsuite hostname="bridgeit-desktop" failures="0" tests="1" name="com.bridgelabz.basicselenium.pagevalidate.VerifyHomePageByTitle" time="54.543" errors="0" timestamp="30 Jan 2020 13:09:34 GMT" skipped="0">
  <testcase classname="com.bridgelabz.basicselenium.pagevalidate.VerifyHomePageByTitle" name="test" time="54.543"/>
</testsuite> <!-- com.bridgelabz.basicselenium.pagevalidate.VerifyHomePageByTitle -->
