<?xml version="1.0" encoding="UTF-8"?>
<!-- Generated by org.testng.reporters.JUnitReportReporter -->
<testsuite hostname="bridgeit-desktop" failures="0" tests="1" name="com.bridgelabz.basicselenium.popuphandling.FileUploadPopup" time="13.555" errors="0" timestamp="01 Feb 2020 11:47:46 GMT" skipped="0">
  <testcase classname="com.bridgelabz.basicselenium.popuphandling.FileUploadPopup" name="main" time="13.555"/>
</testsuite> <!-- com.bridgelabz.basicselenium.popuphandling.FileUploadPopup -->
