<?xml version="1.0" encoding="UTF-8"?>
<!-- Generated by org.testng.reporters.JUnitReportReporter -->
<testsuite hostname="bridgeit-desktop" failures="0" tests="1" name="com.bridgelabz.basicselenium.locators.XpathIndependantDependant" time="144.364" errors="0" timestamp="01 Feb 2020 11:21:41 GMT" skipped="0">
  <testcase classname="com.bridgelabz.basicselenium.locators.XpathIndependantDependant" name="clickOnSetByDefault" time="144.364"/>
</testsuite> <!-- com.bridgelabz.basicselenium.locators.XpathIndependantDependant -->
