<?xml version="1.0" encoding="UTF-8"?>
<!-- Generated by org.testng.reporters.JUnitReportReporter -->
<testsuite hostname="bridgeit-desktop" failures="0" tests="1" name="com.bridgelabz.basicselenium.popuphandling.FileDownloadByChrome" time="21.526" errors="0" timestamp="06 Feb 2020 12:45:20 GMT" skipped="0">
  <testcase classname="com.bridgelabz.basicselenium.popuphandling.FileDownloadByChrome" name="downloadFileTest" time="21.526"/>
</testsuite> <!-- com.bridgelabz.basicselenium.popuphandling.FileDownloadByChrome -->
