<?xml version="1.0" encoding="UTF-8"?>
<!-- Generated by org.testng.reporters.JUnitReportReporter -->
<testsuite hostname="bridgeit-desktop" failures="0" tests="1" name="com.bridgelabz.basicselenium.actionclass.ContextOrRightClick" time="38.428" errors="0" timestamp="30 Jan 2020 09:38:14 GMT" skipped="0">
  <testcase classname="com.bridgelabz.basicselenium.actionclass.ContextOrRightClick" name="test" time="38.428"/>
</testsuite> <!-- com.bridgelabz.basicselenium.actionclass.ContextOrRightClick -->
