<?xml version="1.0" encoding="UTF-8"?>
<!-- Generated by org.testng.reporters.JUnitReportReporter -->
<testsuite hostname="bridgeit-desktop" failures="0" tests="1" name="com.bridgeit.basicselenium.verify.VerifyUnamePwdAlignment" time="14.139" errors="0" timestamp="10 Feb 2020 10:00:33 GMT" skipped="0">
  <testcase classname="com.bridgeit.basicselenium.verify.VerifyUnamePwdAlignment" name="verifyUnamePwd" time="14.139"/>
</testsuite> <!-- com.bridgeit.basicselenium.verify.VerifyUnamePwdAlignment -->
