<?xml version="1.0" encoding="UTF-8"?>
<!-- Generated by org.testng.reporters.JUnitReportReporter -->
<testsuite hostname="bridgeit-desktop" failures="0" tests="1" name="com.bridgelabz.basicselenium.tekescreenshotinf.ScreenshotCapture" time="4.824" errors="0" timestamp="10 Feb 2020 12:17:27 GMT" skipped="0">
  <testcase classname="com.bridgelabz.basicselenium.tekescreenshotinf.ScreenshotCapture" name="takeScreenshot" time="4.824"/>
</testsuite> <!-- com.bridgelabz.basicselenium.tekescreenshotinf.ScreenshotCapture -->
