<?xml version="1.0" encoding="UTF-8"?>
<!-- Generated by org.testng.reporters.JUnitReportReporter -->
<testsuite hostname="bridgeit-desktop" failures="0" tests="1" name="com.bridgeit.basicselenium.verify.VerifyFbUnamePwdAlignment" time="3.510" errors="0" timestamp="10 Feb 2020 09:58:38 GMT" skipped="0">
  <testcase classname="com.bridgeit.basicselenium.verify.VerifyFbUnamePwdAlignment" name="verifyUnmaePwd" time="3.510"/>
</testsuite> <!-- com.bridgeit.basicselenium.verify.VerifyFbUnamePwdAlignment -->
