<?xml version="1.0" encoding="UTF-8"?>
<!-- Generated by org.testng.reporters.JUnitReportReporter -->
<testsuite hostname="bridgeit-desktop" failures="0" tests="1" name="com.bridgelabz.basicselenium.popuphandling.FileDownloadByFirefox" time="22.619" errors="0" timestamp="06 Feb 2020 12:47:36 GMT" skipped="0">
  <testcase classname="com.bridgelabz.basicselenium.popuphandling.FileDownloadByFirefox" name="downloadFileTest" time="22.619"/>
</testsuite> <!-- com.bridgelabz.basicselenium.popuphandling.FileDownloadByFirefox -->
